Build started 25/01/2016 12:09:14.
     1>Project "D:\_temp\cuda\cuda_sample\CudaPlayground\HelloWorld\HelloWorld\HelloWorld.vcxproj" on node 2 (build target(s)).
     1>PrepareForBuild:
         Creating directory "D:\_temp\cuda\cuda_sample\CudaPlayground\HelloWorld\Debug\".
       InitializeBuildStatus:
         Creating "Debug\HelloWorld.unsuccessfulbuild" because "AlwaysCreate" was specified.
       AddCudaCompileDeps:
         C:\Program Files (x86)\Microsoft Visual Studio 10.0\VC\bin\cl.exe /E /nologo /showIncludes /TP /D__CUDACC__ /DWIN32 /D_DEBUG /D_CONSOLE /D_MBCS /I"C:\Program Files\NVIDIA GPU Computing Toolkit\CUDA\v7.5\include" /I"C:\Program Files\NVIDIA GPU Computing Toolkit\CUDA\v7.5\bin" /I"C:\Program Files\NVIDIA GPU Computing Toolkit\CUDA\v7.5\include" /I. /FIcuda_runtime.h /c D:\_temp\cuda\cuda_sample\CudaPlayground\HelloWorld\HelloWorld\kernel.cu 
       CudaBuild:
         Compiling CUDA source file kernel.cu...
         cmd.exe /C "C:\Users\rakumr\AppData\Local\Temp\tmp181a317088504a68b8c589dce153e1a2.cmd"
         "C:\Program Files\NVIDIA GPU Computing Toolkit\CUDA\v7.5\bin\nvcc.exe" -gencode=arch=compute_20,code=\"sm_20,compute_20\" --use-local-env --cl-version 2010 -ccbin "C:\Program Files (x86)\Microsoft Visual Studio 10.0\VC\bin"  -I"C:\Program Files\NVIDIA GPU Computing Toolkit\CUDA\v7.5\include" -I"C:\Program Files\NVIDIA GPU Computing Toolkit\CUDA\v7.5\include"  -G   --keep-dir Debug -maxrregcount=0  --machine 32 --compile -cudart static  -g   -DWIN32 -D_DEBUG -D_CONSOLE -D_MBCS -Xcompiler "/EHsc /W3 /nologo /Od /Zi /RTC1 /MDd " -o Debug\kernel.cu.obj "D:\_temp\cuda\cuda_sample\CudaPlayground\HelloWorld\HelloWorld\kernel.cu"
         
         D:\_temp\cuda\cuda_sample\CudaPlayground\HelloWorld\HelloWorld>"C:\Program Files\NVIDIA GPU Computing Toolkit\CUDA\v7.5\bin\nvcc.exe" -gencode=arch=compute_20,code=\"sm_20,compute_20\" --use-local-env --cl-version 2010 -ccbin "C:\Program Files (x86)\Microsoft Visual Studio 10.0\VC\bin"  -I"C:\Program Files\NVIDIA GPU Computing Toolkit\CUDA\v7.5\include" -I"C:\Program Files\NVIDIA GPU Computing Toolkit\CUDA\v7.5\include"  -G   --keep-dir Debug -maxrregcount=0  --machine 32 --compile -cudart static  -g   -DWIN32 -D_DEBUG -D_CONSOLE -D_MBCS -Xcompiler "/EHsc /W3 /nologo /Od /Zi /RTC1 /MDd " -o Debug\kernel.cu.obj "D:\_temp\cuda\cuda_sample\CudaPlayground\HelloWorld\HelloWorld\kernel.cu" 
         kernel.cu
       ManifestResourceCompile:
         C:\Program Files (x86)\Microsoft SDKs\Windows\v7.0A\bin\rc.exe /nologo /fo"Debug\HelloWorld.exe.embed.manifest.res" Debug\HelloWorld_manifest.rc 
       Link:
         C:\Program Files (x86)\Microsoft Visual Studio 10.0\VC\bin\link.exe /ERRORREPORT:PROMPT /OUT:"D:\_temp\cuda\cuda_sample\CudaPlayground\HelloWorld\Debug\HelloWorld.exe" /INCREMENTAL /NOLOGO /LIBPATH:"C:\Program Files\NVIDIA GPU Computing Toolkit\CUDA\v7.5\lib\Win32" cudart.lib kernel32.lib user32.lib gdi32.lib winspool.lib comdlg32.lib advapi32.lib shell32.lib ole32.lib oleaut32.lib uuid.lib odbc32.lib odbccp32.lib kernel32.lib user32.lib gdi32.lib winspool.lib comdlg32.lib advapi32.lib shell32.lib ole32.lib oleaut32.lib uuid.lib odbc32.lib odbccp32.lib /MANIFEST /ManifestFile:"Debug\HelloWorld.exe.intermediate.manifest" /MANIFESTUAC:"level='asInvoker' uiAccess='false'" /DEBUG /PDB:"D:\_temp\cuda\cuda_sample\CudaPlayground\HelloWorld\Debug\HelloWorld.pdb" /SUBSYSTEM:CONSOLE /TLBID:1 /DYNAMICBASE /NXCOMPAT /IMPLIB:"D:\_temp\cuda\cuda_sample\CudaPlayground\HelloWorld\Debug\HelloWorld.lib" /MACHINE:X86 Debug\kernel.cu.obj
         Debug\HelloWorld.exe.embed.manifest.res
       Manifest:
         C:\Program Files (x86)\Microsoft SDKs\Windows\v7.0A\bin\mt.exe /nologo /verbose /out:"Debug\HelloWorld.exe.embed.manifest" /manifest Debug\HelloWorld.exe.intermediate.manifest
         C:\Program Files (x86)\Microsoft SDKs\Windows\v7.0A\bin\rc.exe /nologo /fo"Debug\HelloWorld.exe.embed.manifest.res" Debug\HelloWorld_manifest.rc 
       LinkEmbedManifest:
         C:\Program Files (x86)\Microsoft Visual Studio 10.0\VC\bin\link.exe /ERRORREPORT:PROMPT /OUT:"D:\_temp\cuda\cuda_sample\CudaPlayground\HelloWorld\Debug\HelloWorld.exe" /INCREMENTAL /NOLOGO /LIBPATH:"C:\Program Files\NVIDIA GPU Computing Toolkit\CUDA\v7.5\lib\Win32" cudart.lib kernel32.lib user32.lib gdi32.lib winspool.lib comdlg32.lib advapi32.lib shell32.lib ole32.lib oleaut32.lib uuid.lib odbc32.lib odbccp32.lib kernel32.lib user32.lib gdi32.lib winspool.lib comdlg32.lib advapi32.lib shell32.lib ole32.lib oleaut32.lib uuid.lib odbc32.lib odbccp32.lib /MANIFEST /ManifestFile:"Debug\HelloWorld.exe.intermediate.manifest" /MANIFESTUAC:"level='asInvoker' uiAccess='false'" /DEBUG /PDB:"D:\_temp\cuda\cuda_sample\CudaPlayground\HelloWorld\Debug\HelloWorld.pdb" /SUBSYSTEM:CONSOLE /TLBID:1 /DYNAMICBASE /NXCOMPAT /IMPLIB:"D:\_temp\cuda\cuda_sample\CudaPlayground\HelloWorld\Debug\HelloWorld.lib" /MACHINE:X86 Debug\kernel.cu.obj
         Debug\HelloWorld.exe.embed.manifest.res
         HelloWorld.vcxproj -> D:\_temp\cuda\cuda_sample\CudaPlayground\HelloWorld\Debug\HelloWorld.exe
       PostBuildEvent:
         echo copy "C:\Program Files\NVIDIA GPU Computing Toolkit\CUDA\v7.5\bin\cudart*.dll" "D:\_temp\cuda\cuda_sample\CudaPlayground\HelloWorld\Debug\"
         copy "C:\Program Files\NVIDIA GPU Computing Toolkit\CUDA\v7.5\bin\cudart*.dll" "D:\_temp\cuda\cuda_sample\CudaPlayground\HelloWorld\Debug\"
         :VCEnd
         copy "C:\Program Files\NVIDIA GPU Computing Toolkit\CUDA\v7.5\bin\cudart*.dll" "D:\_temp\cuda\cuda_sample\CudaPlayground\HelloWorld\Debug\"
         C:\Program Files\NVIDIA GPU Computing Toolkit\CUDA\v7.5\bin\cudart32_75.dll
         C:\Program Files\NVIDIA GPU Computing Toolkit\CUDA\v7.5\bin\cudart64_75.dll
                 2 file(s) copied.
       FinalizeBuildStatus:
         Deleting file "Debug\HelloWorld.unsuccessfulbuild".
         Touching "Debug\HelloWorld.lastbuildstate".
     1>Done Building Project "D:\_temp\cuda\cuda_sample\CudaPlayground\HelloWorld\HelloWorld\HelloWorld.vcxproj" (build target(s)).

Das Erstellen war erfolgreich.

Time Elapsed 00:00:04.81
